\BOOKMARK [1][-]{section.1}{\376\377\000C\122\035\213\306}{}% 1
\BOOKMARK [2][-]{subsection.1.1}{\376\377\137\025\212\000}{section.1}% 2
\BOOKMARK [2][-]{subsection.1.2}{\376\377\133\374\121\145}{section.1}% 3
\BOOKMARK [1][-]{section.2}{\376\377\000C\127\372\170\100}{}% 4
\BOOKMARK [2][-]{subsection.2.1}{\376\377\123\330\221\317}{section.2}% 5
\BOOKMARK [2][-]{subsection.2.2}{\376\377\227\131\140\001\123\330\221\317}{section.2}% 6
\BOOKMARK [2][-]{subsection.2.3}{\376\377\136\070\221\317}{section.2}% 7
\BOOKMARK [2][-]{subsection.2.4}{\376\377\000p\000r\000i\000n\000t\000f\000\050\000\051\121\375\145\160}{section.2}% 8
\BOOKMARK [2][-]{subsection.2.5}{\376\377\000s\000c\000a\000n\000f\000\050\000\051\000\040\121\375\145\160}{section.2}% 9
\BOOKMARK [2][-]{subsection.2.6}{\376\377\217\320\173\227\173\046}{section.2}% 10
\BOOKMARK [2][-]{subsection.2.7}{\376\377\220\073\217\221\176\323\147\204}{section.2}% 11
\BOOKMARK [3][-]{subsubsection.2.7.1}{\376\377\000i\000f\213\355\123\345}{subsection.2.7}% 12
\BOOKMARK [3][-]{subsubsection.2.7.2}{\376\377\000f\000o\000r\213\355\123\345}{subsection.2.7}% 13
\BOOKMARK [3][-]{subsubsection.2.7.3}{\376\377\000w\000h\000i\000l\000e\213\355\123\345}{subsection.2.7}% 14
\BOOKMARK [3][-]{subsubsection.2.7.4}{\376\377\000d\000o\000\040\000w\000h\000i\000l\000e\213\355\123\345}{subsection.2.7}% 15
\BOOKMARK [3][-]{subsubsection.2.7.5}{\376\377\000s\000w\000i\000t\000c\000h\000\040\213\355\123\345}{subsection.2.7}% 16
\BOOKMARK [1][-]{section.3}{\376\377\000C\217\333\226\066}{}% 17
\BOOKMARK [2][-]{subsection.3.1}{\376\377\147\232\116\076}{section.3}% 18
\BOOKMARK [2][-]{subsection.3.2}{\376\377\200\124\124\010}{section.3}% 19
\BOOKMARK [2][-]{subsection.3.3}{\376\377\145\160\176\304}{section.3}% 20
\BOOKMARK [2][-]{subsection.3.4}{\376\377\176\323\147\204\117\123}{section.3}% 21
\BOOKMARK [2][-]{subsection.3.5}{\376\377\121\375\145\160}{section.3}% 22
\BOOKMARK [2][-]{subsection.3.6}{\376\377\143\007\224\210}{section.3}% 23
\BOOKMARK [2][-]{subsection.3.7}{\376\377\133\127\173\046\116\062\144\315\117\134}{section.3}% 24
\BOOKMARK [2][-]{subsection.3.8}{\376\377\133\217}{section.3}% 25
\BOOKMARK [2][-]{subsection.3.9}{\376\377\145\207\116\366}{section.3}% 26
