This is XeTeX, Version 3.141592653-2.6-0.999993 (TeX Live 2021/W32TeX) (preloaded format=xelatex 2021.11.18)  19 NOV 2021 10:02
entering extended mode
 \write18 enabled.
 %&-line parsing enabled.
**.\c-language

! Emergency stop.
<to be read again> 
                   \global 
<*> .\c
       -language
End of file on the terminal!

 
Here is how much of TeX's memory you used:
 3 strings out of 476919
 13 string characters out of 5825423
 292906 words of memory out of 5000000
 20109 multiletter control sequences out of 15000+600000
 403430 words of font info for 27 fonts, out of 8000000 for 9000
 1348 hyphenation exceptions out of 8191
 2i,0n,3p,18b,6s stack positions out of 5000i,500n,10000p,200000b,80000s
No pages of output.
